\BOOKMARK [0][-]{section*.1}{\376\377\000\315\000N\000D\000I\000C\000E\000\040\000D\000E\000\040\000F\000I\000G\000U\000R\000A\000S}{}% 1
\BOOKMARK [0][-]{section*.2}{\376\377\000\315\000N\000D\000I\000C\000E\000\040\000D\000E\000\040\000E\000C\000U\000A\000C\000I\000O\000N\000E\000S}{}% 2
\BOOKMARK [0][-]{chapter*.3}{\376\377\000R\000E\000S\000U\000M\000E\000N}{}% 3
\BOOKMARK [0][-]{chapter*.4}{\376\377\000A\000B\000S\000T\000R\000A\000C\000T}{}% 4
\BOOKMARK [0][-]{chapter.1}{\376\377\000M\000A\000R\000C\000O\000\040\000I\000N\000T\000R\000O\000D\000U\000C\000T\000O\000R\000I\000O}{}% 5
\BOOKMARK [1][-]{section.1.1}{\376\377\000I\000N\000T\000R\000O\000D\000U\000C\000C\000I\000\323\000N}{chapter.1}% 6
\BOOKMARK [1][-]{section.1.2}{\376\377\000P\000R\000O\000B\000L\000E\000M\000\301\000T\000I\000C\000A\000\040\000A\000\040\000R\000E\000S\000O\000L\000V\000E\000R}{chapter.1}% 7
\BOOKMARK [1][-]{section.1.3}{\376\377\000P\000R\000O\000P\000U\000E\000S\000T\000A\000\040\000D\000E\000\040\000S\000O\000L\000U\000C\000I\000\323\000N}{chapter.1}% 8
\BOOKMARK [1][-]{section.1.4}{\376\377\000J\000U\000S\000T\000I\000F\000I\000C\000A\000C\000I\000\323\000N}{chapter.1}% 9
\BOOKMARK [1][-]{section.1.5}{\376\377\000O\000B\000J\000E\000T\000I\000V\000O\000\040\000G\000E\000N\000E\000R\000A\000L}{chapter.1}% 10
\BOOKMARK [1][-]{section.1.6}{\376\377\000O\000B\000J\000E\000T\000I\000V\000O\000S\000\040\000E\000S\000P\000E\000C\000\315\000F\000I\000C\000O\000S}{chapter.1}% 11
\BOOKMARK [0][-]{chapter.2}{\376\377\000M\000A\000R\000C\000O\000\040\000T\000E\000\323\000R\000I\000C\000O\000:\000\040}{}% 12
\BOOKMARK [1][-]{section.2.1}{\376\377\000F\000U\000N\000D\000A\000M\000E\000N\000T\000O\000S\000\040\000D\000E\000\040\000L\000O\000S\000\040\000S\000I\000S\000T\000E\000M\000A\000S\000\040\000D\000E\000\040\000R\000E\000C\000O\000M\000E\000N\000D\000A\000C\000I\000\323\000N\000:\000\040}{chapter.2}% 13
\BOOKMARK [2][-]{subsection.2.1.1}{\376\377\000C\000O\000N\000C\000E\000P\000T\000O\000S\000\040\000B\000\301\000S\000I\000C\000O\000S\000\040\000D\000E\000\040\000L\000O\000S\000\040\000S\000I\000S\000T\000E\000M\000A\000S\000\040\000D\000E\000\040\000R\000E\000C\000O\000M\000E\000N\000D\000A\000C\000I\000\323\000N\000:\000\040}{section.2.1}% 14
\BOOKMARK [2][-]{subsection.2.1.2}{\376\377\000O\000B\000J\000E\000T\000I\000V\000O\000S\000\040\000D\000E\000\040\000U\000N\000\040\000S\000I\000S\000T\000E\000M\000A\000\040\000D\000E\000\040\000R\000E\000C\000O\000M\000E\000N\000D\000A\000C\000I\000\323\000N\000:\000\040}{section.2.1}% 15
\BOOKMARK [2][-]{subsection.2.1.3}{\376\377\000P\000R\000I\000N\000C\000I\000P\000A\000L\000E\000S\000\040\000E\000N\000F\000O\000Q\000U\000E\000S\000\040\000D\000E\000\040\000R\000E\000C\000O\000M\000E\000N\000D\000A\000C\000I\000\323\000N\000:\000\040}{section.2.1}% 16
\BOOKMARK [3][-]{section*.5}{\376\377\000E\000N\000F\000O\000Q\000U\000E\000\040\000B\000A\000S\000A\000D\000O\000\040\000E\000N\000\040\000C\000O\000N\000T\000E\000N\000I\000D\000O\000:\000\040}{subsection.2.1.3}% 17
\BOOKMARK [1][-]{section.2.2}{\376\377\000P\000A\000R\000A\000D\000I\000G\000M\000A\000S\000\040\000Y\000\040\000M\000\311\000T\000R\000I\000C\000A\000S\000\040\000D\000E\000\040\000E\000V\000A\000L\000U\000A\000C\000I\000\323\000N\000\040\000P\000A\000R\000A\000\040\000U\000N\000\040\000S\000I\000S\000T\000E\000M\000A\000\040\000D\000E\000\040\000R\000E\000C\000O\000M\000E\000N\000D\000A\000C\000I\000\323\000N\000:\000\040}{chapter.2}% 18
\BOOKMARK [2][-]{subsection.2.2.1}{\376\377\000P\000A\000R\000A\000D\000I\000G\000M\000A\000S\000\040\000D\000E\000\040\000E\000V\000A\000L\000U\000A\000C\000I\000\323\000N\000:\000\040}{section.2.2}% 19
\BOOKMARK [2][-]{subsection.2.2.2}{\376\377\000M\000\311\000T\000R\000I\000C\000A\000S\000\040\000G\000E\000N\000E\000R\000A\000L\000E\000S\000\040\000D\000E\000\040\000E\000V\000A\000L\000U\000A\000C\000I\000\323\000N\000:\000\040}{section.2.2}% 20
\BOOKMARK [3][-]{section*.7}{\376\377\000E\000X\000A\000C\000T\000I\000T\000U\000D\000\040\000D\000E\000\040\000P\000R\000E\000D\000I\000C\000C\000I\000\323\000N}{subsection.2.2.2}% 21
\BOOKMARK [0][-]{section*.8}{\376\377\000B\000I\000B\000L\000I\000O\000G\000R\000A\000F\000\315\000A}{}% 22
